<?xml version="1.0" encoding="UTF-8"?>
<coverage generated="1764804069246" clover="3.2.0">
  <project timestamp="1764804069246" name="All files">
    <metrics statements="4" coveredstatements="4" conditionals="2" coveredconditionals="1" methods="0" coveredmethods="0" elements="6" coveredelements="5" complexity="0" loc="4" ncloc="4" packages="1" files="1" classes="1"/>
    <file name="loadEnv.js" path="/home/epy/school/Dodo/packages/unit-testing/loadEnv.js">
      <metrics statements="4" coveredstatements="4" conditionals="2" coveredconditionals="1" methods="0" coveredmethods="0"/>
      <line num="5" count="3" type="stmt"/>
      <line num="6" count="3" type="stmt"/>
      <line num="8" count="3" type="cond" truecount="1" falsecount="1"/>
      <line num="10" count="3" type="stmt"/>
    </file>
  </project>
</coverage>
