{"/home/epy/school/Dodo/packages/unit-testing/loadEnv.js": {"path":"/home/epy/school/Dodo/packages/unit-testing/loadEnv.js","statementMap":{"0":{"start":{"line":5,"column":19},"end":{"line":5,"column":49}},"1":{"start":{"line":6,"column":18},"end":{"line":6,"column":42}},"2":{"start":{"line":8,"column":16},"end":{"line":8,"column":70}},"3":{"start":{"line":10,"column":0},"end":{"line":12,"column":3}}},"fnMap":{},"branchMap":{"0":{"loc":{"start":{"line":8,"column":16},"end":{"line":8,"column":70}},"type":"cond-expr","locations":[{"start":{"line":8,"column":50},"end":{"line":8,"column":61}},{"start":{"line":8,"column":64},"end":{"line":8,"column":70}}],"line":8}},"s":{"0":3,"1":3,"2":3,"3":3},"f":{},"b":{"0":[3,0]},"inputSourceMap":null,"_coverageSchema":"1a1c01bbd47fc00a2c39e90264f33305004495a9","hash":"976a8699af9a608b8e2d9b979a6ef4d10e96473c"}
}
